<?xml version="1.0" encoding="UTF-8"?>
<testsuite name="com.adamoutler.ssh.ui.keys.KeyManagementScreenScreenshotTest" tests="2" skipped="0" failures="0" errors="0" timestamp="2026-04-05T01:15:51" hostname="d4d49b412c44" time="0.33">
  <properties/>
  <testcase name="screenWithGeneratedKey" classname="com.adamoutler.ssh.ui.keys.KeyManagementScreenScreenshotTest" time="0.245"/>
  <testcase name="defaultScreen" classname="com.adamoutler.ssh.ui.keys.KeyManagementScreenScreenshotTest" time="0.084"/>
  <system-out><![CDATA[]]></system-out>
  <system-err><![CDATA[Apr 04, 2026 6:15:51 PM app.cash.paparazzi.internal.PaparazziLogger logAndroidFramework
INFO: Settings [3]: Can't get key animator_duration_scale from content://settings/global
Apr 04, 2026 6:15:52 PM app.cash.paparazzi.internal.PaparazziLogger logAndroidFramework
INFO: Settings [3]: Can't get key animator_duration_scale from content://settings/global
]]></system-err>
</testsuite>
