<?xml version="1.0" encoding="UTF-8"?>
<testsuite name="com.adamoutler.ssh.crypto.SSHKeyGeneratorTest" tests="2" skipped="0" failures="0" errors="0" timestamp="2026-04-05T01:15:46" hostname="d4d49b412c44" time="0.286">
  <properties/>
  <testcase name="testGenerateRSAKeyPair" classname="com.adamoutler.ssh.crypto.SSHKeyGeneratorTest" time="0.27"/>
  <testcase name="testGenerateEd25519KeyPair" classname="com.adamoutler.ssh.crypto.SSHKeyGeneratorTest" time="0.015"/>
  <system-out><![CDATA[]]></system-out>
  <system-err><![CDATA[]]></system-err>
</testsuite>
