<?xml version="1.0" encoding="UTF-8"?>
<testsuite name="com.adamoutler.ssh.PlaceholderScreenScreenshotTest" tests="1" skipped="0" failures="0" errors="0" timestamp="2026-04-05T01:15:43" hostname="d4d49b412c44" time="2.818">
  <properties/>
  <testcase name="defaultScreen" classname="com.adamoutler.ssh.PlaceholderScreenScreenshotTest" time="2.818"/>
  <system-out><![CDATA[]]></system-out>
  <system-err><![CDATA[WARNING: A Java agent has been loaded dynamically (/root/.gradle/caches/modules-2/files-2.1/net.bytebuddy/byte-buddy-agent/1.14.16/4a451ee6484abac3a498df0f3b33ed00a6fced4d/byte-buddy-agent-1.14.16.jar)
WARNING: If a serviceability tool is in use, please run with -XX:+EnableDynamicAgentLoading to hide this warning
WARNING: If a serviceability tool is not in use, please run with -Djdk.instrument.traceUsage for more information
WARNING: Dynamic loading of agents will be disallowed by default in a future release
Apr 04, 2026 6:15:46 PM app.cash.paparazzi.internal.PaparazziLogger logAndroidFramework
INFO: Settings [3]: Can't get key animator_duration_scale from content://settings/global
]]></system-err>
</testsuite>
