<?xml version="1.0" encoding="UTF-8"?>
<testsuite name="com.adamoutler.ssh.ui.keys.KeyManagementScreenScreenshotTest" tests="1" skipped="0" failures="0" errors="0" timestamp="2026-04-05T01:08:05" hostname="907f55c30409" time="0.217">
  <properties/>
  <testcase name="defaultScreen" classname="com.adamoutler.ssh.ui.keys.KeyManagementScreenScreenshotTest" time="0.217"/>
  <system-out><![CDATA[]]></system-out>
  <system-err><![CDATA[Apr 04, 2026 6:08:05 PM app.cash.paparazzi.internal.PaparazziLogger logAndroidFramework
INFO: Settings [3]: Can't get key animator_duration_scale from content://settings/global
]]></system-err>
</testsuite>
