<?xml version="1.0" encoding="UTF-8"?>
<testsuite name="com.adamoutler.ssh.crypto.SSHKeyGeneratorTest" tests="2" skipped="0" failures="0" errors="0" timestamp="2026-04-04T23:50:04" hostname="ccd9e2525594" time="1.923">
  <properties/>
  <testcase name="testGenerateRSAKeyPair" classname="com.adamoutler.ssh.crypto.SSHKeyGeneratorTest" time="1.906"/>
  <testcase name="testGenerateEd25519KeyPair" classname="com.adamoutler.ssh.crypto.SSHKeyGeneratorTest" time="0.016"/>
  <system-out><![CDATA[]]></system-out>
  <system-err><![CDATA[]]></system-err>
</testsuite>
